<?xml version="1.0" encoding="UTF-8"?>
<!-- Generated by org.testng.reporters.JUnitXMLReporter -->
<testsuite ignored="2" hostname="EmmyRayMBP.fritz.box" failures="0" tests="1" name="API" time="2.516" errors="0" timestamp="2024-03-05T13:53:49 CET">
  <testcase classname="org.api1.HTTPRequests" name="updateUsers" time="2.455"/>
  <testcase classname="org.api1.HTTPRequests" name="getUser" time="0.0">
    <ignored/>
  </testcase> <!-- getUser -->
  <testcase classname="org.api1.HTTPRequests" name="createUser" time="0.0">
    <ignored/>
  </testcase> <!-- createUser -->
</testsuite> <!-- API -->
