<?xml version="1.0" encoding="UTF-8"?>
<testng-results ignored="0" total="1" passed="1" failed="0" skipped="0">
  <reporter-output>
  </reporter-output>
  <suite started-at="2024-03-05T13:53:47 CET" name="Default Suite" finished-at="2024-03-05T13:53:49 CET" duration-ms="2516">
    <groups>
    </groups>
    <test started-at="2024-03-05T13:53:47 CET" name="API" finished-at="2024-03-05T13:53:49 CET" duration-ms="2516">
      <class name="org.api1.HTTPRequests">
        <test-method signature="updateUsers()[pri:3, instance:org.api1.HTTPRequests@40e6dfe1]" started-at="2024-03-05T13:53:47 CET" name="updateUsers" finished-at="2024-03-05T13:53:49 CET" duration-ms="2455" status="PASS">
          <reporter-output>
          </reporter-output>
        </test-method> <!-- updateUsers -->
      </class> <!-- org.api1.HTTPRequests -->
    </test> <!-- API -->
  </suite> <!-- Default Suite -->
</testng-results>
